-------------------------------------------------------------------------------
Test set: com.AddressBook.AddressBookStorageValidationTest
-------------------------------------------------------------------------------
Tests run: 1, Failures: 1, Errors: 0, Skipped: 0, Time elapsed: 0 s <<< FAILURE! - in com.AddressBook.AddressBookStorageValidationTest
testAllFieldsAreProperlyStored(com.AddressBook.AddressBookStorageValidationTest)  Time elapsed: 0 s  <<< FAILURE!
java.lang.AssertionError: Each record should have 9 fields expected:<9> but was:<2>
	at com.AddressBook.AddressBookStorageValidationTest.testAllFieldsAreProperlyStored(AddressBookStorageValidationTest.java:43)

