<?xml version="1.0" encoding="UTF-8"?>
<testsuite xmlns:xsi="http://www.w3.org/2001/XMLSchema-instance" xsi:noNamespaceSchemaLocation="https://maven.apache.org/surefire/maven-surefire-plugin/xsd/surefire-test-report.xsd" name="com.csvHandler.CSVHandlerTest" time="0.018" tests="3" errors="0" skipped="0" failures="1">
  <properties>
[...]
</properties>
  <testcase name="testReadMissingCSV" classname="com.csvHandler.CSVHandlerTest" time="0"/>
  <testcase name="testReadEmptyCSV" classname="com.csvHandler.CSVHandlerTest" time="0.014"/>
  <testcase name="testReadExistingCSV" classname="com.csvHandler.CSVHandlerTest" time="0.004">
    <failure message="File should exist at the specified path" type="java.lang.AssertionError">java.lang.AssertionError: File should exist at the specified path
	at com.csvHandler.CSVHandlerTest.testReadExistingCSV(CSVHandlerTest.java:31)
</failure>
    <system-out><![CDATA[
Reading Existing CSV:
]]></system-out>
  </testcase>
</testsuite>